This is LuaHBTeX, Version 1.17.0 (TeX Live 2023/Debian)  (format=lualatex 2026.7.14)  16 JUL 2026 16:35
 restricted system commands enabled.
**main.tex
(./main.tex
LaTeX2e <2023-11-01> patch level 1
L3 programming layer <2024-01-22>
Lua module: luaotfload 2023-08-31 3.26 Lua based OpenType font support
Lua module: lualibs 2023-07-13 2.76 ConTeXt Lua standard libraries.
Lua module: lualibs-extended 2023-07-13 2.76 ConTeXt Lua libraries -- extended c
ollection.
luaotfload | conf : Root cache directory is "/tmp/texmf-cache/luatex-cache/gener
ic/names".
luaotfload | init : Loading fontloader "fontloader-2023-08-19.lua" from kpse-res
olved path "/usr/share/texlive/texmf-dist/tex/luatex/luaotfload/fontloader-2023-
08-19.lua".
Lua-only attribute luaotfload@noligature = 1
luaotfload | init : Context OpenType loader version 3.133
Inserting `luaotfload.node_processor' in `pre_linebreak_filter'.
Inserting `luaotfload.node_processor' in `hpack_filter'.
Inserting `luaotfload.glyph_stream' in `glyph_stream_provider'.
Inserting `luaotfload.define_font' in `define_font'.
Lua-only attribute luaotfload_color_attribute = 2
luaotfload | conf : Root cache directory is "/tmp/texmf-cache/luatex-cache/gener
ic/names".
Inserting `luaotfload.harf.strip_prefix' in `find_opentype_file'.
Inserting `luaotfload.harf.strip_prefix' in `find_truetype_file'.
Removing  `luaotfload.glyph_stream' from `glyph_stream_provider'.
Inserting `luaotfload.harf.glyphstream' in `glyph_stream_provider'.
Inserting `luaotfload.harf.finalize_vlist' in `post_linebreak_filter'.
Inserting `luaotfload.harf.finalize_hlist' in `hpack_filter'.
Inserting `luaotfload.cleanup_files' in `wrapup_run'.
Inserting `luaotfload.harf.finalize_unicode' in `finish_pdffile'.
Inserting `luaotfload.glyphinfo' in `glyph_info'.
Lua-only attribute luaotfload.letterspace_done = 3
Inserting `luaotfload.aux.set_sscale_dimens' in `luaotfload.patch_font'.
Inserting `luaotfload.aux.set_font_index' in `luaotfload.patch_font'.
Inserting `luaotfload.aux.patch_cambria_domh' in `luaotfload.patch_font'.
Inserting `luaotfload.aux.fixup_fontdata' in `luaotfload.patch_font_unsafe'.
Inserting `luaotfload.aux.set_capheight' in `luaotfload.patch_font'.
Inserting `luaotfload.aux.set_xheight' in `luaotfload.patch_font'.
Inserting `luaotfload.rewrite_fontname' in `luaotfload.patch_font'.
Inserting `tracingstacklevels' in `input_level_string'. (/usr/share/texlive/tex
mf-dist/tex/latex/base/article.cls
Document Class: article 2023/05/17 v1.4n Standard LaTeX document class
(/usr/share/texlive/texmf-dist/tex/latex/base/size10.clo
File: size10.clo 2023/05/17 v1.4n Standard LaTeX file (size option)
luaotfload | db : Font names database loaded from /tmp/texmf-cache/luatex-cache/
generic/names/luaotfload-names.luc.gz)
\c@part=\count185
\c@section=\count186
\c@subsection=\count187
\c@subsubsection=\count188
\c@paragraph=\count189
\c@subparagraph=\count190
\c@figure=\count191
\c@table=\count192
\abovecaptionskip=\skip48
\belowcaptionskip=\skip49
\bibindent=\dimen139
)
(/usr/share/texlive/texmf-dist/tex/latex/geometry/geometry.sty
Package: geometry 2020/01/02 v5.9 Page Geometry

(/usr/share/texlive/texmf-dist/tex/latex/graphics/keyval.sty
Package: keyval 2022/05/29 v1.15 key=value parser (DPC)
\KV@toks@=\toks17
)
(/usr/share/texlive/texmf-dist/tex/generic/iftex/ifvtex.sty
Package: ifvtex 2019/10/25 v1.7 ifvtex legacy package. Use iftex instead.

(/usr/share/texlive/texmf-dist/tex/generic/iftex/iftex.sty
Package: iftex 2022/02/03 v1.0f TeX engine tests
))
\Gm@cnth=\count193
\Gm@cntv=\count194
\c@Gm@tempcnt=\count195
\Gm@bindingoffset=\dimen140
\Gm@wd@mp=\dimen141
\Gm@odd@mp=\dimen142
\Gm@even@mp=\dimen143
\Gm@layoutwidth=\dimen144
\Gm@layoutheight=\dimen145
\Gm@layouthoffset=\dimen146
\Gm@layoutvoffset=\dimen147
\Gm@dimlist=\toks18
)
(/usr/share/texlive/texmf-dist/tex/generic/babel/babel.sty
Package: babel 2024/01/07 v24.1 The Babel package

(/usr/share/texlive/texmf-dist/tex/generic/babel/luababel.def
\bbl@readstream=\read2
\l@dumylang=\language2
Package babel Info: Non-standard hyphenation setup on input line 118.
\l@nohyphenation=\language3
\l@vietnamese=\language4
\l@hebrew=\language5
\l@galician=\language6
\l@marathi=\language7
\l@welsh=\language8
\l@portuguese=\language9
\l@dutch=\language10
\l@churchslavonic=\language11
\l@ethiopic=\language12
\l@lithuanian=\language13
\l@ancientgreek=\language14
\l@ukrainian=\language15
\l@danish=\language16
\l@uppersorbian=\language17
\l@friulan=\language18
\l@serbianc=\language19
\l@assamese=\language20
\l@hungarian=\language21
\l@irish=\language22
\l@hindi=\language23
\l@kurmanji=\language24
\l@armenian=\language25
\l@serbian=\language26
\l@romansh=\language27
\l@bulgarian=\language28
\l@polish=\language29
\l@liturgicallatin=\language30
\l@italian=\language31
\l@esperanto=\language32
\l@oriya=\language33
\l@afrikaans=\language34
\l@mongolian=\language35
\l@occitan=\language36
\l@thai=\language37
\l@monogreek=\language38
\l@ngerman-x-2023-03-06=\language39
\l@indonesian=\language40
\l@french=\language41
\l@croatian=\language42
\l@slovenian=\language43
\l@kannada=\language44
\l@telugu=\language45
\l@belarusian=\language46
\l@swedish=\language47
\l@schoolfinnish=\language48
\l@turkmen=\language49
\l@german-x-2023-03-06=\language50
\l@catalan=\language51
\l@bokmal=\language52
\l@panjabi=\language53
\l@usenglishmax=\language54
\l@arabic=\language55
\l@classiclatin=\language56
\l@estonian=\language57
\l@georgian=\language58
\l@finnish=\language59
\l@sanskrit=\language60
\l@ngerman=\language61
\l@ukenglish=\language62
\l@farsi=\language63
\l@swissgerman=\language64
\l@piedmontese=\language65
\l@basque=\language66
\l@pinyin=\language67
\l@german=\language68
\l@nynorsk=\language69
\l@bengali=\language70
\l@latvian=\language71
\l@ibycus=\language72
\l@malayalam=\language73
\l@icelandic=\language74
\l@gujarati=\language75
\l@macedonian=\language76
\l@czech=\language77
\l@slovak=\language78
\l@russian=\language79
\l@romanian=\language80
\l@interlingua=\language81
\l@mongolianlmc=\language82
\l@tamil=\language83
\l@greek=\language84
\l@latin=\language85
\l@coptic=\language86
\l@pali=\language87
\l@spanish=\language88
\l@turkish=\language89
\babelcatcodetablenum=\catcodetable14
\bbl@pattcodes=\catcodetable15
)
\babel@savecnt=\count196
\U@D=\dimen148
\l@unhyphenated=\language90

(/usr/share/texlive/texmf-dist/tex/generic/babel/luababel.def
\bbl@attr@locale=\attribute4
)
(/usr/share/texlive/texmf-dist/tex/generic/babel-portuges/brazil.ldf
Language: portuges 2021/07/09 v1.2t Portuguese support from the babel system
Package babel Info: Hyphen rules for 'brazil' set to \l@portuguese
(babel)             (\language9). Reported on input line 111.
Package babel Info: Making " an active character on input line 143.

(/usr/share/texlive/texmf-dist/tex/generic/hyph-utf8/loadhyph/loadhyph-pt.tex
UTF-8 Portuguese hyphenation patterns
(/usr/share/texlive/texmf-dist/tex/generic/hyph-utf8/patterns/tex/hyph-pt.tex)))
) (/usr/share/texlive/texmf-dist/tex/latex/fontspec/fontspec.sty
(/usr/share/texlive/texmf-dist/tex/latex/l3packages/xparse/xparse.sty
(/usr/share/texlive/texmf-dist/tex/latex/l3kernel/expl3.sty
Package: expl3 2024-01-22 L3 programming layer (loader) 

(/usr/share/texlive/texmf-dist/tex/latex/l3backend/l3backend-luatex.def
File: l3backend-luatex.def 2024-01-04 L3 backend support: PDF output (LuaTeX)
\l__color_backend_stack_int=\count197
Inserting `l3color' in `luaotfload.parse_color'.
\l__pdf_internal_box=\box51
))
Package: xparse 2023-10-10 L3 Experimental document command parser
)
Package: fontspec 2022/01/15 v2.8a Font selection for XeLaTeX and LuaLaTeX
Lua module: fontspec 2022/01/15 2.8a Font selection for XeLaTeX and LuaLaTeX
(/usr/share/texlive/texmf-dist/tex/latex/fontspec/fontspec-luatex.sty
Package: fontspec-luatex 2022/01/15 v2.8a Font selection for XeLaTeX and LuaLaT
eX
\l__fontspec_script_int=\count198
\l__fontspec_language_int=\count199
\l__fontspec_strnum_int=\count266
\l__fontspec_tmp_int=\count267
\l__fontspec_tmpa_int=\count268
\l__fontspec_tmpb_int=\count269
\l__fontspec_tmpc_int=\count270
\l__fontspec_em_int=\count271
\l__fontspec_emdef_int=\count272
\l__fontspec_strong_int=\count273
\l__fontspec_strongdef_int=\count274
\l__fontspec_tmpa_dim=\dimen149
\l__fontspec_tmpb_dim=\dimen150
\l__fontspec_tmpc_dim=\dimen151

(/usr/share/texlive/texmf-dist/tex/latex/base/fontenc.sty
Package: fontenc 2021/04/29 v2.0v Standard LaTeX package
)
(/usr/share/texlive/texmf-dist/tex/latex/fontspec/fontspec.cfg)))
(/usr/share/texlive/texmf-dist/tex/latex/microtype/microtype.sty
Package: microtype 2023/03/13 v3.1a Micro-typographical refinements (RS)

(/usr/share/texlive/texmf-dist/tex/latex/etoolbox/etoolbox.sty
Package: etoolbox 2020/10/05 v2.5k e-TeX tools for LaTeX (JAW)
\etb@tempcnta=\count275
)
\MT@toks=\toks19
\MT@tempbox=\box52
\MT@count=\count276
LaTeX Info: Redefining \noprotrusionifhmode on input line 1059.
LaTeX Info: Redefining \leftprotrusion on input line 1060.
\MT@prot@toks=\toks20
LaTeX Info: Redefining \rightprotrusion on input line 1078.
LaTeX Info: Redefining \textls on input line 1368.
\MT@outer@kern=\dimen152
LaTeX Info: Redefining \textmicrotypecontext on input line 1988.
\MT@listname@count=\count277

(/usr/share/texlive/texmf-dist/tex/latex/microtype/microtype-luatex.def
File: microtype-luatex.def 2023/03/13 v3.1a Definitions specific to luatex (RS)

Lua module: microtype 2023/03/13 3.1a microtype module.
Module microtype Info: overwriting function `keepligature' on input line 63
LaTeX Info: Redefining \lsstyle on input line 688.
LaTeX Info: Redefining \lslig on input line 688.
\MT@outer@space=\skip50
)
Package microtype Info: Loading configuration file microtype.cfg.

(/usr/share/texlive/texmf-dist/tex/latex/microtype/microtype.cfg
File: microtype.cfg 2023/03/13 v3.1a microtype main configuration file (RS)
))
(/usr/share/texlive/texmf-dist/tex/latex/xcolor/xcolor.sty
Package: xcolor 2023/11/15 v3.01 LaTeX color extensions (UK)

(/usr/share/texlive/texmf-dist/tex/latex/graphics-cfg/color.cfg
File: color.cfg 2016/01/02 v1.6 sample color configuration
)
Package xcolor Info: Driver file: luatex.def on input line 274.

(/usr/share/texlive/texmf-dist/tex/latex/graphics-def/luatex.def
File: luatex.def 2022/09/22 v1.2d Graphics/color driver for luatex
)
(/usr/share/texlive/texmf-dist/tex/latex/graphics/mathcolor.ltx)
Package xcolor Info: Model `cmy' substituted by `cmy0' on input line 1350.
Package xcolor Info: Model `hsb' substituted by `rgb' on input line 1354.
Package xcolor Info: Model `RGB' extended on input line 1366.
Package xcolor Info: Model `HTML' substituted by `rgb' on input line 1368.
Package xcolor Info: Model `Hsb' substituted by `hsb' on input line 1369.
Package xcolor Info: Model `tHsb' substituted by `hsb' on input line 1370.
Package xcolor Info: Model `HSB' substituted by `hsb' on input line 1371.
Package xcolor Info: Model `Gray' substituted by `gray' on input line 1372.
Package xcolor Info: Model `wave' substituted by `hsb' on input line 1373.
)
(/usr/share/texlive/texmf-dist/tex/latex/pgf/frontendlayer/tikz.sty
(/usr/share/texlive/texmf-dist/tex/latex/pgf/basiclayer/pgf.sty
(/usr/share/texlive/texmf-dist/tex/latex/pgf/utilities/pgfrcs.sty
(/usr/share/texlive/texmf-dist/tex/generic/pgf/utilities/pgfutil-common.tex
\pgfutil@everybye=\toks21
\pgfutil@tempdima=\dimen153
\pgfutil@tempdimb=\dimen154
)
(/usr/share/texlive/texmf-dist/tex/generic/pgf/utilities/pgfutil-latex.def
\pgfutil@abb=\box53
)
(/usr/share/texlive/texmf-dist/tex/generic/pgf/utilities/pgfrcs.code.tex
(/usr/share/texlive/texmf-dist/tex/generic/pgf/pgf.revision.tex)
Package: pgfrcs 2023-01-15 v3.1.10 (3.1.10)
))
Package: pgf 2023-01-15 v3.1.10 (3.1.10)

(/usr/share/texlive/texmf-dist/tex/latex/pgf/basiclayer/pgfcore.sty
(/usr/share/texlive/texmf-dist/tex/latex/graphics/graphicx.sty
Package: graphicx 2021/09/16 v1.2d Enhanced LaTeX Graphics (DPC,SPQR)

(/usr/share/texlive/texmf-dist/tex/latex/graphics/graphics.sty
Package: graphics 2022/03/10 v1.4e Standard LaTeX Graphics (DPC,SPQR)

(/usr/share/texlive/texmf-dist/tex/latex/graphics/trig.sty
Package: trig 2021/08/11 v1.11 sin cos tan (DPC)
)
(/usr/share/texlive/texmf-dist/tex/latex/graphics-cfg/graphics.cfg
File: graphics.cfg 2016/06/04 v1.11 sample graphics configuration
)
Package graphics Info: Driver file: luatex.def on input line 107.
)
\Gin@req@height=\dimen155
\Gin@req@width=\dimen156
)
(/usr/share/texlive/texmf-dist/tex/latex/pgf/systemlayer/pgfsys.sty
(/usr/share/texlive/texmf-dist/tex/generic/pgf/systemlayer/pgfsys.code.tex
Package: pgfsys 2023-01-15 v3.1.10 (3.1.10)

(/usr/share/texlive/texmf-dist/tex/generic/pgf/utilities/pgfkeys.code.tex
\pgfkeys@pathtoks=\toks22
\pgfkeys@temptoks=\toks23

(/usr/share/texlive/texmf-dist/tex/generic/pgf/utilities/pgfkeyslibraryfiltered
.code.tex
\pgfkeys@tmptoks=\toks24
))
\pgf@x=\dimen157
\pgf@y=\dimen158
\pgf@xa=\dimen159
\pgf@ya=\dimen160
\pgf@xb=\dimen161
\pgf@yb=\dimen162
\pgf@xc=\dimen163
\pgf@yc=\dimen164
\pgf@xd=\dimen165
\pgf@yd=\dimen166
\w@pgf@writea=\write3
\r@pgf@reada=\read3
\c@pgf@counta=\count278
\c@pgf@countb=\count279
\c@pgf@countc=\count280
\c@pgf@countd=\count281
\t@pgf@toka=\toks25
\t@pgf@tokb=\toks26
\t@pgf@tokc=\toks27
\pgf@sys@id@count=\count282
 (/usr/share/texlive/texmf-dist/tex/generic/pgf/systemlayer/pgf.cfg
File: pgf.cfg 2023-01-15 v3.1.10 (3.1.10)
)
Driver file for pgf: pgfsys-luatex.def
(/usr/share/texlive/texmf-dist/tex/generic/pgf/systemlayer/pgfsys-luatex.def
File: pgfsys-luatex.def 2023-01-15 v3.1.10 (3.1.10)

(/usr/share/texlive/texmf-dist/tex/generic/pgf/systemlayer/pgfsys-common-pdf.de
f
File: pgfsys-common-pdf.def 2023-01-15 v3.1.10 (3.1.10)
)))
(/usr/share/texlive/texmf-dist/tex/generic/pgf/systemlayer/pgfsyssoftpath.code.
tex
File: pgfsyssoftpath.code.tex 2023-01-15 v3.1.10 (3.1.10)
\pgfsyssoftpath@smallbuffer@items=\count283
\pgfsyssoftpath@bigbuffer@items=\count284
)
(/usr/share/texlive/texmf-dist/tex/generic/pgf/systemlayer/pgfsysprotocol.code.
tex
File: pgfsysprotocol.code.tex 2023-01-15 v3.1.10 (3.1.10)
))
(/usr/share/texlive/texmf-dist/tex/generic/pgf/basiclayer/pgfcore.code.tex
Package: pgfcore 2023-01-15 v3.1.10 (3.1.10)

(/usr/share/texlive/texmf-dist/tex/generic/pgf/math/pgfmath.code.tex
(/usr/share/texlive/texmf-dist/tex/generic/pgf/math/pgfmathutil.code.tex)
(/usr/share/texlive/texmf-dist/tex/generic/pgf/math/pgfmathparser.code.tex
\pgfmath@dimen=\dimen167
\pgfmath@count=\count285
\pgfmath@box=\box54
\pgfmath@toks=\toks28
\pgfmath@stack@operand=\toks29
\pgfmath@stack@operation=\toks30
)
(/usr/share/texlive/texmf-dist/tex/generic/pgf/math/pgfmathfunctions.code.tex)
(/usr/share/texlive/texmf-dist/tex/generic/pgf/math/pgfmathfunctions.basic.code
.tex)
(/usr/share/texlive/texmf-dist/tex/generic/pgf/math/pgfmathfunctions.trigonomet
ric.code.tex)
(/usr/share/texlive/texmf-dist/tex/generic/pgf/math/pgfmathfunctions.random.cod
e.tex)
(/usr/share/texlive/texmf-dist/tex/generic/pgf/math/pgfmathfunctions.comparison
.code.tex)
(/usr/share/texlive/texmf-dist/tex/generic/pgf/math/pgfmathfunctions.base.code.
tex)
(/usr/share/texlive/texmf-dist/tex/generic/pgf/math/pgfmathfunctions.round.code
.tex)
(/usr/share/texlive/texmf-dist/tex/generic/pgf/math/pgfmathfunctions.misc.code.
tex)
(/usr/share/texlive/texmf-dist/tex/generic/pgf/math/pgfmathfunctions.integerari
thmetics.code.tex)
(/usr/share/texlive/texmf-dist/tex/generic/pgf/math/pgfmathcalc.code.tex)
(/usr/share/texlive/texmf-dist/tex/generic/pgf/math/pgfmathfloat.code.tex
\c@pgfmathroundto@lastzeros=\count286
))
(/usr/share/texlive/texmf-dist/tex/generic/pgf/math/pgfint.code.tex)
(/usr/share/texlive/texmf-dist/tex/generic/pgf/basiclayer/pgfcorepoints.code.te
x
File: pgfcorepoints.code.tex 2023-01-15 v3.1.10 (3.1.10)
\pgf@picminx=\dimen168
\pgf@picmaxx=\dimen169
\pgf@picminy=\dimen170
\pgf@picmaxy=\dimen171
\pgf@pathminx=\dimen172
\pgf@pathmaxx=\dimen173
\pgf@pathminy=\dimen174
\pgf@pathmaxy=\dimen175
\pgf@xx=\dimen176
\pgf@xy=\dimen177
\pgf@yx=\dimen178
\pgf@yy=\dimen179
\pgf@zx=\dimen180
\pgf@zy=\dimen181
)
(/usr/share/texlive/texmf-dist/tex/generic/pgf/basiclayer/pgfcorepathconstruct.
code.tex
File: pgfcorepathconstruct.code.tex 2023-01-15 v3.1.10 (3.1.10)
\pgf@path@lastx=\dimen182
\pgf@path@lasty=\dimen183
)
(/usr/share/texlive/texmf-dist/tex/generic/pgf/basiclayer/pgfcorepathusage.code
.tex
File: pgfcorepathusage.code.tex 2023-01-15 v3.1.10 (3.1.10)
\pgf@shorten@end@additional=\dimen184
\pgf@shorten@start@additional=\dimen185
)
(/usr/share/texlive/texmf-dist/tex/generic/pgf/basiclayer/pgfcorescopes.code.te
x
File: pgfcorescopes.code.tex 2023-01-15 v3.1.10 (3.1.10)
\pgfpic=\box55
\pgf@hbox=\box56
\pgf@layerbox@main=\box57
\pgf@picture@serial@count=\count287
)
(/usr/share/texlive/texmf-dist/tex/generic/pgf/basiclayer/pgfcoregraphicstate.c
ode.tex
File: pgfcoregraphicstate.code.tex 2023-01-15 v3.1.10 (3.1.10)
\pgflinewidth=\dimen186
)
(/usr/share/texlive/texmf-dist/tex/generic/pgf/basiclayer/pgfcoretransformation
s.code.tex
File: pgfcoretransformations.code.tex 2023-01-15 v3.1.10 (3.1.10)
\pgf@pt@x=\dimen187
\pgf@pt@y=\dimen188
\pgf@pt@temp=\dimen189
)
(/usr/share/texlive/texmf-dist/tex/generic/pgf/basiclayer/pgfcorequick.code.tex
File: pgfcorequick.code.tex 2023-01-15 v3.1.10 (3.1.10)
)
(/usr/share/texlive/texmf-dist/tex/generic/pgf/basiclayer/pgfcoreobjects.code.t
ex
File: pgfcoreobjects.code.tex 2023-01-15 v3.1.10 (3.1.10)
)
(/usr/share/texlive/texmf-dist/tex/generic/pgf/basiclayer/pgfcorepathprocessing
.code.tex
File: pgfcorepathprocessing.code.tex 2023-01-15 v3.1.10 (3.1.10)
)
(/usr/share/texlive/texmf-dist/tex/generic/pgf/basiclayer/pgfcorearrows.code.te
x
File: pgfcorearrows.code.tex 2023-01-15 v3.1.10 (3.1.10)
\pgfarrowsep=\dimen190
)
(/usr/share/texlive/texmf-dist/tex/generic/pgf/basiclayer/pgfcoreshade.code.tex
File: pgfcoreshade.code.tex 2023-01-15 v3.1.10 (3.1.10)
\pgf@max=\dimen191
\pgf@sys@shading@range@num=\count288
\pgf@shadingcount=\count289
)
(/usr/share/texlive/texmf-dist/tex/generic/pgf/basiclayer/pgfcoreimage.code.tex
File: pgfcoreimage.code.tex 2023-01-15 v3.1.10 (3.1.10)
)
(/usr/share/texlive/texmf-dist/tex/generic/pgf/basiclayer/pgfcoreexternal.code.
tex
File: pgfcoreexternal.code.tex 2023-01-15 v3.1.10 (3.1.10)
\pgfexternal@startupbox=\box58
)
(/usr/share/texlive/texmf-dist/tex/generic/pgf/basiclayer/pgfcorelayers.code.te
x
File: pgfcorelayers.code.tex 2023-01-15 v3.1.10 (3.1.10)
)
(/usr/share/texlive/texmf-dist/tex/generic/pgf/basiclayer/pgfcoretransparency.c
ode.tex
File: pgfcoretransparency.code.tex 2023-01-15 v3.1.10 (3.1.10)
)
(/usr/share/texlive/texmf-dist/tex/generic/pgf/basiclayer/pgfcorepatterns.code.
tex
File: pgfcorepatterns.code.tex 2023-01-15 v3.1.10 (3.1.10)
)
(/usr/share/texlive/texmf-dist/tex/generic/pgf/basiclayer/pgfcorerdf.code.tex
File: pgfcorerdf.code.tex 2023-01-15 v3.1.10 (3.1.10)
)))
(/usr/share/texlive/texmf-dist/tex/generic/pgf/modules/pgfmoduleshapes.code.tex
File: pgfmoduleshapes.code.tex 2023-01-15 v3.1.10 (3.1.10)
\pgfnodeparttextbox=\box59
) (/usr/share/texlive/texmf-dist/tex/generic/pgf/modules/pgfmoduleplot.code.tex
File: pgfmoduleplot.code.tex 2023-01-15 v3.1.10 (3.1.10)
)
(/usr/share/texlive/texmf-dist/tex/latex/pgf/compatibility/pgfcomp-version-0-65
.sty
Package: pgfcomp-version-0-65 2023-01-15 v3.1.10 (3.1.10)
\pgf@nodesepstart=\dimen192
\pgf@nodesepend=\dimen193
)
(/usr/share/texlive/texmf-dist/tex/latex/pgf/compatibility/pgfcomp-version-1-18
.sty
Package: pgfcomp-version-1-18 2023-01-15 v3.1.10 (3.1.10)
)) (/usr/share/texlive/texmf-dist/tex/latex/pgf/utilities/pgffor.sty
(/usr/share/texlive/texmf-dist/tex/latex/pgf/utilities/pgfkeys.sty
(/usr/share/texlive/texmf-dist/tex/generic/pgf/utilities/pgfkeys.code.tex))
(/usr/share/texlive/texmf-dist/tex/latex/pgf/math/pgfmath.sty
(/usr/share/texlive/texmf-dist/tex/generic/pgf/math/pgfmath.code.tex))
(/usr/share/texlive/texmf-dist/tex/generic/pgf/utilities/pgffor.code.tex
Package: pgffor 2023-01-15 v3.1.10 (3.1.10)
\pgffor@iter=\dimen194
\pgffor@skip=\dimen195
\pgffor@stack=\toks31
\pgffor@toks=\toks32
))
(/usr/share/texlive/texmf-dist/tex/generic/pgf/frontendlayer/tikz/tikz.code.tex
Package: tikz 2023-01-15 v3.1.10 (3.1.10)

(/usr/share/texlive/texmf-dist/tex/generic/pgf/libraries/pgflibraryplothandlers
.code.tex
File: pgflibraryplothandlers.code.tex 2023-01-15 v3.1.10 (3.1.10)
\pgf@plot@mark@count=\count290
\pgfplotmarksize=\dimen196
)
\tikz@lastx=\dimen197
\tikz@lasty=\dimen198
\tikz@lastxsaved=\dimen199
\tikz@lastysaved=\dimen256
\tikz@lastmovetox=\dimen257
\tikz@lastmovetoy=\dimen258
\tikzleveldistance=\dimen259
\tikzsiblingdistance=\dimen260
\tikz@figbox=\box60
\tikz@figbox@bg=\box61
\tikz@tempbox=\box62
\tikz@tempbox@bg=\box63
\tikztreelevel=\count291
\tikznumberofchildren=\count292
\tikznumberofcurrentchild=\count293
\tikz@fig@count=\count294

(/usr/share/texlive/texmf-dist/tex/generic/pgf/modules/pgfmodulematrix.code.tex
File: pgfmodulematrix.code.tex 2023-01-15 v3.1.10 (3.1.10)
\pgfmatrixcurrentrow=\count295
\pgfmatrixcurrentcolumn=\count296
\pgf@matrix@numberofcolumns=\count297
)
\tikz@expandcount=\count298

(/usr/share/texlive/texmf-dist/tex/generic/pgf/frontendlayer/tikz/libraries/tik
zlibrarytopaths.code.tex
File: tikzlibrarytopaths.code.tex 2023-01-15 v3.1.10 (3.1.10)
)))
(/usr/share/texlive/texmf-dist/tex/latex/enumitem/enumitem.sty
Package: enumitem 2019/06/20 v3.9 Customized lists
\labelindent=\skip51
\enit@outerparindent=\dimen261
\enit@toks=\toks33
\enit@inbox=\box64
\enit@count@id=\count299
\enitdp@description=\count300
)
(/usr/share/texlive/texmf-dist/tex/latex/fancyhdr/fancyhdr.sty
Package: fancyhdr 2022/11/09 v4.1 Extensive control of page headers and footers

\f@nch@headwidth=\skip52
\f@nch@O@elh=\skip53
\f@nch@O@erh=\skip54
\f@nch@O@olh=\skip55
\f@nch@O@orh=\skip56
\f@nch@O@elf=\skip57
\f@nch@O@erf=\skip58
\f@nch@O@olf=\skip59
\f@nch@O@orf=\skip60
)
(/usr/share/texlive/texmf-dist/tex/latex/lastpage/lastpage.sty
Package: lastpage 2023/10/14 v2.0e lastpage: 2.09 or 2e? (HMM)

(/usr/share/texlive/texmf-dist/tex/latex/lastpage/lastpage2e.sty
Package: lastpage2e 2023/10/14 v2.0e Decide which 2e lastpage version to use (H
MM)

(/usr/share/texlive/texmf-dist/tex/latex/lastpage/lastpagemodern.sty
Package: lastpagemodern 2023-10-14 v2.0e Refers to last page's name (HMM; JPG)
\c@lastpagecount=\count301
) 
)) (/usr/share/texlive/texmf-dist/tex/latex/hyperref/hyperref.sty
Package: hyperref 2024-01-20 v7.01h Hypertext links for LaTeX

(/usr/share/texlive/texmf-dist/tex/latex/kvsetkeys/kvsetkeys.sty
Package: kvsetkeys 2022-10-05 v1.19 Key value parser (HO)
)
(/usr/share/texlive/texmf-dist/tex/generic/kvdefinekeys/kvdefinekeys.sty
Package: kvdefinekeys 2019-12-19 v1.6 Define keys (HO)
)
(/usr/share/texlive/texmf-dist/tex/generic/pdfescape/pdfescape.sty
Package: pdfescape 2019/12/09 v1.15 Implements pdfTeX's escape features (HO)

(/usr/share/texlive/texmf-dist/tex/generic/ltxcmds/ltxcmds.sty
Package: ltxcmds 2023-12-04 v1.26 LaTeX kernel commands for general use (HO)
)
(/usr/share/texlive/texmf-dist/tex/generic/pdftexcmds/pdftexcmds.sty
Package: pdftexcmds 2020-06-27 v0.33 Utility functions of pdfTeX for LuaTeX (HO
)

(/usr/share/texlive/texmf-dist/tex/generic/infwarerr/infwarerr.sty
Package: infwarerr 2019/12/03 v1.5 Providing info/warning/error messages (HO)
)
Package pdftexcmds Info: \pdf@primitive is available.
Package pdftexcmds Info: \pdf@ifprimitive is available.
Package pdftexcmds Info: \pdfdraftmode found.
\pdftexcmds@toks=\toks34
))
(/usr/share/texlive/texmf-dist/tex/latex/hycolor/hycolor.sty
Package: hycolor 2020-01-27 v1.10 Color options for hyperref/bookmark (HO)
)
(/usr/share/texlive/texmf-dist/tex/latex/auxhook/auxhook.sty
Package: auxhook 2019-12-17 v1.6 Hooks for auxiliary files (HO)
)
(/usr/share/texlive/texmf-dist/tex/latex/hyperref/nameref.sty
Package: nameref 2023-11-26 v2.56 Cross-referencing by name of section

(/usr/share/texlive/texmf-dist/tex/latex/refcount/refcount.sty
Package: refcount 2019/12/15 v3.6 Data extraction from label references (HO)
)
(/usr/share/texlive/texmf-dist/tex/generic/gettitlestring/gettitlestring.sty
Package: gettitlestring 2019/12/15 v1.6 Cleanup title references (HO)

(/usr/share/texlive/texmf-dist/tex/latex/kvoptions/kvoptions.sty
Package: kvoptions 2022-06-15 v3.15 Key value format for package options (HO)
))
\c@section@level=\count302
)
\@linkdim=\dimen262
\Hy@linkcounter=\count303
\Hy@pagecounter=\count304

(/usr/share/texlive/texmf-dist/tex/latex/hyperref/pd1enc.def
File: pd1enc.def 2024-01-20 v7.01h Hyperref: PDFDocEncoding definition (HO)
)
(/usr/share/texlive/texmf-dist/tex/generic/intcalc/intcalc.sty
Package: intcalc 2019/12/15 v1.3 Expandable calculations with integers (HO)
)
\Hy@SavedSpaceFactor=\count305

(/usr/share/texlive/texmf-dist/tex/latex/hyperref/puenc.def
File: puenc.def 2024-01-20 v7.01h Hyperref: PDF Unicode definition (HO)
)
Package hyperref Info: Hyper figures OFF on input line 4179.
Package hyperref Info: Link nesting OFF on input line 4184.
Package hyperref Info: Hyper index ON on input line 4187.
Package hyperref Info: Plain pages OFF on input line 4194.
Package hyperref Info: Backreferencing OFF on input line 4199.
Package hyperref Info: Implicit mode ON; LaTeX internals redefined.
Package hyperref Info: Bookmarks ON on input line 4446.
\c@Hy@tempcnt=\count306

(/usr/share/texlive/texmf-dist/tex/latex/url/url.sty
\Urlmuskip=\muskip16
Package: url 2013/09/16  ver 3.4  Verb mode for urls, etc.
)
LaTeX Info: Redefining \url on input line 4784.
\XeTeXLinkMargin=\dimen263

(/usr/share/texlive/texmf-dist/tex/generic/bitset/bitset.sty
Package: bitset 2019/12/09 v1.3 Handle bit-vector datatype (HO)

(/usr/share/texlive/texmf-dist/tex/generic/bigintcalc/bigintcalc.sty
Package: bigintcalc 2019/12/15 v1.5 Expandable calculations on big integers (HO
)
))
\Fld@menulength=\count307
\Field@Width=\dimen264
\Fld@charsize=\dimen265
Package hyperref Info: Hyper figures OFF on input line 6063.
Package hyperref Info: Link nesting OFF on input line 6068.
Package hyperref Info: Hyper index ON on input line 6071.
Package hyperref Info: backreferencing OFF on input line 6078.
Package hyperref Info: Link coloring OFF on input line 6083.
Package hyperref Info: Link coloring with OCG OFF on input line 6088.
Package hyperref Info: PDF/A mode OFF on input line 6093.

(/usr/share/texlive/texmf-dist/tex/latex/base/atbegshi-ltx.sty
Package: atbegshi-ltx 2021/01/10 v1.0c Emulation of the original atbegshi
package with kernel methods
)
\Hy@abspage=\count308
\c@Item=\count309
\c@Hfootnote=\count310
)
Package hyperref Info: Driver (autodetected): hluatex.

(/usr/share/texlive/texmf-dist/tex/latex/hyperref/hluatex.def
File: hluatex.def 2024-01-20 v7.01h Hyperref driver for luaTeX

(/usr/share/texlive/texmf-dist/tex/generic/stringenc/stringenc.sty
Package: stringenc 2019/11/29 v1.12 Convert strings between diff. encodings (HO
)
)
(/usr/share/texlive/texmf-dist/tex/latex/base/atveryend-ltx.sty
Package: atveryend-ltx 2020/08/19 v1.0a Emulation of the original atveryend pac
kage
with kernel methods
)
\Fld@listcount=\count311
\c@bookmark@seq@number=\count312

(/usr/share/texlive/texmf-dist/tex/latex/rerunfilecheck/rerunfilecheck.sty
Package: rerunfilecheck 2022-07-10 v1.10 Rerun checks for auxiliary files (HO)

(/usr/share/texlive/texmf-dist/tex/generic/uniquecounter/uniquecounter.sty
Package: uniquecounter 2019/12/15 v1.4 Provide unlimited unique counter (HO)
)
Package uniquecounter Info: New unique counter `rerunfilecheck' on input line 2
85.
)
\Hy@SectionHShift=\skip61
)
luaotfload | cache : Lookup cache loaded from /tmp/texmf-cache/luatex-cache/gene
ric/names/luaotfload-lookup-cache.luc.
luaotfload | aux : font no 23 (nil) does not define feature smcp for script latn
 with language dflt
luaotfload | aux : font no 24 (nil) does not define feature smcp for script latn
 with language dflt
luaotfload | aux : font no 25 (nil) does not define feature smcp for script latn
 with language dflt
luaotfload | aux : font no 26 (nil) does not define feature smcp for script latn
 with language dflt

Package fontspec Info: Font family 'LatinModernSans(0)' created for font
(fontspec)             'Latin Modern Sans' with options [Ligatures=TeX].
(fontspec)              
(fontspec)              This font family consists of the following NFSS
(fontspec)             series/shapes:
(fontspec)              
(fontspec)             - 'normal' (m/n) with NFSS spec.:
(fontspec)             <->"LatinModernSans:mode=node;script=latn;language=dflt;
+tlig;"
(fontspec)             - 'small caps'  (m/sc) with NFSS spec.: 
(fontspec)             - 'bold' (b/n) with NFSS spec.:
(fontspec)             <->"LatinModernSans/B:mode=node;script=latn;language=dfl
t;+tlig;"
(fontspec)             - 'bold small caps'  (b/sc) with NFSS spec.: 
(fontspec)             - 'italic' (m/it) with NFSS spec.:
(fontspec)             <->"LatinModernSans/I:mode=node;script=latn;language=dfl
t;+tlig;"
(fontspec)             - 'italic small caps'  (m/scit) with NFSS spec.: 
(fontspec)             - 'bold italic' (b/it) with NFSS spec.:
(fontspec)             <->"LatinModernSans/BI:mode=node;script=latn;language=df
lt;+tlig;"
(fontspec)             - 'bold italic small caps'  (b/scit) with NFSS spec.: 

luaotfload | aux : font no 32 (nil) does not define feature smcp for script latn
 with language dflt
luaotfload | aux : font no 32 (nil) does not define feature smcp for script latn
 with language dflt
luaotfload | aux : font no 33 (nil) does not define feature smcp for script latn
 with language dflt
luaotfload | aux : font no 33 (nil) does not define feature smcp for script latn
 with language dflt

Package fontspec Info: Font family 'LatinModernMono(0)' created for font
(fontspec)             'Latin Modern Mono' with options
(fontspec)             [WordSpace={1,0,0},HyphenChar=None,PunctuationSpace=Word
Space,AutoFakeBold=1.5].
(fontspec)              
(fontspec)              This font family consists of the following NFSS
(fontspec)             series/shapes:
(fontspec)              
(fontspec)             - 'normal' (m/n) with NFSS spec.:
(fontspec)             <->"LatinModernMono:mode=node;script=latn;language=dflt;
"
(fontspec)             - 'small caps'  (m/sc) with NFSS spec.: 
(fontspec)             and font adjustment code:
(fontspec)             \fontdimen 2\font =1\fontdimen 2\font \fontdimen 3\font
(fontspec)             =0\fontdimen 3\font \fontdimen 4\font =0\fontdimen
(fontspec)             4\font \fontdimen 7\font =0\fontdimen 2\font
(fontspec)             \tex_hyphenchar:D \font =-1\scan_stop: 
(fontspec)             - 'bold' (b/n) with NFSS spec.:
(fontspec)             <->"LatinModernMono:mode=node;script=latn;language=dflt;
embolden=1.5;"
(fontspec)             - 'bold small caps'  (b/sc) with NFSS spec.: 
(fontspec)             and font adjustment code:
(fontspec)             \fontdimen 2\font =1\fontdimen 2\font \fontdimen 3\font
(fontspec)             =0\fontdimen 3\font \fontdimen 4\font =0\fontdimen
(fontspec)             4\font \fontdimen 7\font =0\fontdimen 2\font
(fontspec)             \tex_hyphenchar:D \font =-1\scan_stop: 
(fontspec)             - 'italic' (m/it) with NFSS spec.:
(fontspec)             <->"LatinModernMono/I:mode=node;script=latn;language=dfl
t;"
(fontspec)             - 'italic small caps'  (m/scit) with NFSS spec.: 
(fontspec)             and font adjustment code:
(fontspec)             \fontdimen 2\font =1\fontdimen 2\font \fontdimen 3\font
(fontspec)             =0\fontdimen 3\font \fontdimen 4\font =0\fontdimen
(fontspec)             4\font \fontdimen 7\font =0\fontdimen 2\font
(fontspec)             \tex_hyphenchar:D \font =-1\scan_stop: 
(fontspec)             - 'bold italic' (b/it) with NFSS spec.:
(fontspec)             <->"LatinModernMono/I:mode=node;script=latn;language=dfl
t;"
(fontspec)             - 'bold italic small caps'  (b/scit) with NFSS spec.: 
(fontspec)             and font adjustment code:
(fontspec)             \fontdimen 2\font =1\fontdimen 2\font \fontdimen 3\font
(fontspec)             =0\fontdimen 3\font \fontdimen 4\font =0\fontdimen
(fontspec)             4\font \fontdimen 7\font =0\fontdimen 2\font
(fontspec)             \tex_hyphenchar:D \font =-1\scan_stop: 


(./main.aux)
\openout1 = main.aux

LaTeX Font Info:    Checking defaults for OML/cmm/m/it on input line 134.
LaTeX Font Info:    ... okay on input line 134.
LaTeX Font Info:    Checking defaults for OMS/cmsy/m/n on input line 134.
LaTeX Font Info:    ... okay on input line 134.
LaTeX Font Info:    Checking defaults for OT1/cmr/m/n on input line 134.
LaTeX Font Info:    ... okay on input line 134.
LaTeX Font Info:    Checking defaults for T1/cmr/m/n on input line 134.
LaTeX Font Info:    ... okay on input line 134.
LaTeX Font Info:    Checking defaults for TS1/cmr/m/n on input line 134.
LaTeX Font Info:    Trying to load font information for TS1+cmr on input line 1
34.
 (/usr/share/texlive/texmf-dist/tex/latex/base/ts1cmr.fd
File: ts1cmr.fd 2023/04/13 v2.5m Standard LaTeX font definitions
)
LaTeX Font Info:    ... okay on input line 134.
LaTeX Font Info:    Checking defaults for TU/lmr/m/n on input line 134.
LaTeX Font Info:    ... okay on input line 134.
LaTeX Font Info:    Checking defaults for OMX/cmex/m/n on input line 134.
LaTeX Font Info:    ... okay on input line 134.
LaTeX Font Info:    Checking defaults for U/cmr/m/n on input line 134.
LaTeX Font Info:    ... okay on input line 134.
LaTeX Font Info:    Checking defaults for PD1/pdf/m/n on input line 134.
LaTeX Font Info:    ... okay on input line 134.
LaTeX Font Info:    Checking defaults for PU/pdf/m/n on input line 134.
LaTeX Font Info:    ... okay on input line 134.

*geometry* driver: auto-detecting
*geometry* detected driver: luatex
*geometry* verbose mode - [ preamble ] result:
* driver: luatex
* paper: a5paper
* layout: <same size as paper>
* layoutoffset:(h,v)=(0.0pt,0.0pt)
* modes: twoside 
* h-part:(L,W,R)=(62.59605pt, 324.36143pt, 34.1433pt)
* v-part:(T,H,B)=(34.1433pt, 526.376pt, 36.98857pt)
* \paperwidth=421.10078pt
* \paperheight=597.50787pt
* \textwidth=324.36143pt
* \textheight=526.376pt
* \oddsidemargin=-9.67393pt
* \evensidemargin=-38.1267pt
* \topmargin=-58.6625pt
* \headheight=12.0pt
* \headsep=8.53581pt
* \topskip=10.0pt
* \footskip=19.91692pt
* \marginparwidth=47.0pt
* \marginparsep=11.0pt
* \columnsep=10.0pt
* \skip\footins=9.0pt plus 4.0pt minus 2.0pt
* \hoffset=0.0pt
* \voffset=0.0pt
* \mag=1000
* \@twocolumnfalse
* \@twosidetrue
* \@mparswitchtrue
* \@reversemarginfalse
* (1in=72.27pt=25.4mm, 1cm=28.453pt)


Package fontspec Info: Adjusting the maths setup (use [no-math] to avoid
(fontspec)             this).

\symlegacymaths=\mathgroup4
LaTeX Font Info:    Overwriting symbol font `legacymaths' in version `bold'
(Font)                  OT1/cmr/m/n --> OT1/cmr/bx/n on input line 134.
LaTeX Font Info:    Redeclaring math accent \acute on input line 134.
LaTeX Font Info:    Redeclaring math accent \grave on input line 134.
LaTeX Font Info:    Redeclaring math accent \ddot on input line 134.
LaTeX Font Info:    Redeclaring math accent \tilde on input line 134.
LaTeX Font Info:    Redeclaring math accent \bar on input line 134.
LaTeX Font Info:    Redeclaring math accent \breve on input line 134.
LaTeX Font Info:    Redeclaring math accent \check on input line 134.
LaTeX Font Info:    Redeclaring math accent \hat on input line 134.
LaTeX Font Info:    Redeclaring math accent \dot on input line 134.
LaTeX Font Info:    Redeclaring math accent \mathring on input line 134.
LaTeX Font Info:    Redeclaring math symbol \colon on input line 134.
LaTeX Font Info:    Redeclaring math symbol \Gamma on input line 134.
LaTeX Font Info:    Redeclaring math symbol \Delta on input line 134.
LaTeX Font Info:    Redeclaring math symbol \Theta on input line 134.
LaTeX Font Info:    Redeclaring math symbol \Lambda on input line 134.
LaTeX Font Info:    Redeclaring math symbol \Xi on input line 134.
LaTeX Font Info:    Redeclaring math symbol \Pi on input line 134.
LaTeX Font Info:    Redeclaring math symbol \Sigma on input line 134.
LaTeX Font Info:    Redeclaring math symbol \Upsilon on input line 134.
LaTeX Font Info:    Redeclaring math symbol \Phi on input line 134.
LaTeX Font Info:    Redeclaring math symbol \Psi on input line 134.
LaTeX Font Info:    Redeclaring math symbol \Omega on input line 134.
LaTeX Font Info:    Redeclaring math symbol \mathdollar on input line 134.
LaTeX Font Info:    Redeclaring symbol font `operators' on input line 134.
LaTeX Font Info:    Encoding `OT1' has changed to `TU' for symbol font
(Font)              `operators' in the math version `normal' on input line 134.

LaTeX Font Info:    Overwriting symbol font `operators' in version `normal'
(Font)                  OT1/cmr/m/n --> TU/LatinModernSans(0)/m/n on input line
 134.
LaTeX Font Info:    Encoding `OT1' has changed to `TU' for symbol font
(Font)              `operators' in the math version `bold' on input line 134.
LaTeX Font Info:    Overwriting symbol font `operators' in version `bold'
(Font)                  OT1/cmr/bx/n --> TU/LatinModernSans(0)/m/n on input lin
e 134.
LaTeX Font Info:    Overwriting symbol font `operators' in version `normal'
(Font)                  TU/LatinModernSans(0)/m/n --> TU/LatinModernSans(0)/m/n
 on input line 134.
LaTeX Font Info:    Overwriting math alphabet `\mathit' in version `normal'
(Font)                  OT1/cmr/m/it --> TU/LatinModernSans(0)/m/it on input li
ne 134.
LaTeX Font Info:    Overwriting math alphabet `\mathbf' in version `normal'
(Font)                  OT1/cmr/bx/n --> TU/LatinModernSans(0)/b/n on input lin
e 134.
LaTeX Font Info:    Overwriting math alphabet `\mathsf' in version `normal'
(Font)                  OT1/cmss/m/n --> TU/lmss/m/n on input line 134.
LaTeX Font Info:    Overwriting math alphabet `\mathtt' in version `normal'
(Font)                  OT1/cmtt/m/n --> TU/LatinModernMono(0)/m/n on input lin
e 134.
LaTeX Font Info:    Overwriting symbol font `operators' in version `bold'
(Font)                  TU/LatinModernSans(0)/m/n --> TU/LatinModernSans(0)/b/n
 on input line 134.
LaTeX Font Info:    Overwriting math alphabet `\mathit' in version `bold'
(Font)                  OT1/cmr/bx/it --> TU/LatinModernSans(0)/b/it on input l
ine 134.
LaTeX Font Info:    Overwriting math alphabet `\mathsf' in version `bold'
(Font)                  OT1/cmss/bx/n --> TU/lmss/b/n on input line 134.
LaTeX Font Info:    Overwriting math alphabet `\mathtt' in version `bold'
(Font)                  OT1/cmtt/m/n --> TU/LatinModernMono(0)/b/n on input lin
e 134.
LaTeX Info: Redefining \microtypecontext on input line 134.
Package microtype Info: Applying patch `item' on input line 134.
Package microtype Info: Applying patch `toc' on input line 134.
Package microtype Info: Applying patch `eqnum' on input line 134.
Package microtype Info: Applying patch `footnote' on input line 134.
Package microtype Info: Applying patch `verbatim' on input line 134.
Package microtype Info: Generating PDF output.
Package microtype Info: Character protrusion enabled (level 2).
Package microtype Info: Using default protrusion set `alltext'.
Package microtype Info: Automatic font expansion enabled (level 2),
(microtype)             stretch: 20, shrink: 20, step: 1, non-selected.
Package microtype Info: Using default expansion set `alltext-nott'.
LaTeX Info: Redefining \showhyphens on input line 134.
Package microtype Info: No adjustment of tracking.
Package microtype Info: No adjustment of spacing.
Package microtype Info: No adjustment of kerning.
Package microtype Info: Loading generic protrusion settings for font family
(microtype)             `LatinModernSans' (encoding: TU).
(microtype)             For optimal results, create family-specific settings.
(microtype)             See the microtype manual for details.
(/usr/share/texlive/texmf-dist/tex/context/base/mkii/supp-pdf.mkii
[Loading MPS to PDF converter (version 2006.09.02).]
\scratchcounter=\count313
\scratchdimen=\dimen266
\scratchbox=\box65
\nofMPsegments=\count314
\nofMParguments=\count315
\everyMPshowfont=\toks35
\MPscratchCnt=\count316
\MPscratchDim=\dimen267
\MPnumerator=\count317
\makeMPintoPDFobject=\count318
\everyMPtoPDFconversion=\toks36
) (/usr/share/texlive/texmf-dist/tex/latex/epstopdf-pkg/epstopdf-base.sty
Package: epstopdf-base 2020-01-24 v2.11 Base part for package epstopdf
Package epstopdf-base Info: Redefining graphics rule for `.eps' on input line 4
85.

(/usr/share/texlive/texmf-dist/tex/latex/latexconfig/epstopdf-sys.cfg
File: epstopdf-sys.cfg 2010/07/13 v1.3 Configuration of (r)epstopdf for TeX Liv
e
))
Package hyperref Info: Link coloring OFF on input line 134.

(./main.out) (./main.out)
\@outlinefile=\write4

\openout4 = main.out
Package microtype Info: Loading generic protrusion settings for font family
(microtype)             `LatinModernMono' (encoding: TU).
(microtype)             For optimal results, create family-specific settings.
(microtype)             See the microtype manual for details.
 [1

{/var/lib/texmf/fonts/map/pdftex/updmap/pdftex.map}] [2

]
LaTeX Font Info:    External font `cmex10' loaded for size
(Font)              <7> on input line 205.
LaTeX Font Info:    External font `cmex10' loaded for size
(Font)              <5> on input line 205.
 (/usr/share/texlive/texmf-dist/tex/latex/microtype/mt-cmr.cfg
File: mt-cmr.cfg 2013/05/19 v2.2 microtype config. file: Computer Modern Roman 
(RS)
) [3

]
[4

] [5

] [6

] [7

] [8

]
Underfull \hbox (badness 10000) in paragraph at lines 1--1
[][][]
 []


Underfull \hbox (badness 10000) in paragraph at lines 3--3
[][][]
 []

[9

]
Underfull \hbox (badness 10000) in paragraph at lines 5--5
[][][]
 []


Underfull \hbox (badness 10000) in paragraph at lines 7--7
[][][]
 []

[10

]
Underfull \hbox (badness 10000) in paragraph at lines 9--9
[][][]
 []


Underfull \hbox (badness 10000) in paragraph at lines 11--11
[][][]
 []

[11

]
Underfull \hbox (badness 10000) in paragraph at lines 13--13
[][][]
 []


Underfull \hbox (badness 10000) in paragraph at lines 15--15
[][][]
 []

[12

]
Underfull \hbox (badness 10000) in paragraph at lines 17--17
[][][]
 []


Underfull \hbox (badness 10000) in paragraph at lines 19--19
[][][]
 []

[13

]
Underfull \hbox (badness 10000) in paragraph at lines 21--21
[][][]
 []


Underfull \hbox (badness 10000) in paragraph at lines 23--23
[][][]
 []

[14

]
Underfull \hbox (badness 10000) in paragraph at lines 25--25
[][][]
 []


Underfull \hbox (badness 10000) in paragraph at lines 27--27
[][][]
 []

[15

]
Underfull \hbox (badness 10000) in paragraph at lines 29--29
[][][]
 []


Underfull \hbox (badness 10000) in paragraph at lines 31--31
[][][]
 []

[16

]
Underfull \hbox (badness 10000) in paragraph at lines 33--33
[][][]
 []


Underfull \hbox (badness 10000) in paragraph at lines 35--35
[][][]
 []

[17

]
Underfull \hbox (badness 10000) in paragraph at lines 37--37
[][][]
 []


Underfull \hbox (badness 10000) in paragraph at lines 39--39
[][][]
 []

[18

]
Underfull \hbox (badness 10000) in paragraph at lines 41--41
[][][]
 []


Underfull \hbox (badness 10000) in paragraph at lines 43--43
[][][]
 []

[19

]
Underfull \hbox (badness 10000) in paragraph at lines 45--45
[][][]
 []


Underfull \hbox (badness 10000) in paragraph at lines 47--47
[][][]
 []

[20

]
Underfull \hbox (badness 10000) in paragraph at lines 49--49
[][][]
 []


Underfull \hbox (badness 10000) in paragraph at lines 51--51
[][][]
 []

[21

]
Underfull \hbox (badness 10000) in paragraph at lines 53--53
[][][]
 []


Underfull \hbox (badness 10000) in paragraph at lines 55--55
[][][]
 []

[22

]
Underfull \hbox (badness 10000) in paragraph at lines 57--57
[][][]
 []


Underfull \hbox (badness 10000) in paragraph at lines 59--59
[][][]
 []

[23

]
Underfull \hbox (badness 10000) in paragraph at lines 61--61
[][][]
 []


Underfull \hbox (badness 10000) in paragraph at lines 63--63
[][][]
 []

[24

]
Underfull \hbox (badness 10000) in paragraph at lines 65--65
[][][]
 []


Underfull \hbox (badness 10000) in paragraph at lines 67--67
[][][]
 []

[25

]
Underfull \hbox (badness 10000) in paragraph at lines 69--69
[][][]
 []


Underfull \hbox (badness 10000) in paragraph at lines 71--71
[][][]
 []

[26

]
Underfull \hbox (badness 10000) in paragraph at lines 73--73
[][][]
 []


Underfull \hbox (badness 10000) in paragraph at lines 75--75
[][][]
 []

[27

]
Underfull \hbox (badness 10000) in paragraph at lines 77--77
[][][]
 []


Underfull \hbox (badness 10000) in paragraph at lines 79--79
[][][]
 []

[28

]
Underfull \hbox (badness 10000) in paragraph at lines 81--81
[][][]
 []


Underfull \hbox (badness 10000) in paragraph at lines 83--83
[][][]
 []

[29

]
Underfull \hbox (badness 10000) in paragraph at lines 85--85
[][][]
 []


Underfull \hbox (badness 10000) in paragraph at lines 87--87
[][][]
 []

[30

]
Underfull \hbox (badness 10000) in paragraph at lines 89--89
[][][]
 []


Underfull \hbox (badness 10000) in paragraph at lines 91--91
[][][]
 []

[31

]
Underfull \hbox (badness 10000) in paragraph at lines 93--93
[][][]
 []


Underfull \hbox (badness 10000) in paragraph at lines 95--95
[][][]
 []

[32

]
Underfull \hbox (badness 10000) in paragraph at lines 97--97
[][][]
 []


Underfull \hbox (badness 10000) in paragraph at lines 99--99
[][][]
 []

[33

]
Underfull \hbox (badness 10000) in paragraph at lines 101--101
[][][]
 []


Underfull \hbox (badness 10000) in paragraph at lines 103--103
[][][]
 []

[34

]
Underfull \hbox (badness 10000) in paragraph at lines 105--105
[][][]
 []


Underfull \hbox (badness 10000) in paragraph at lines 107--107
[][][]
 []

[35

]
Underfull \hbox (badness 10000) in paragraph at lines 109--109
[][][]
 []


Underfull \hbox (badness 10000) in paragraph at lines 111--111
[][][]
 []

[36

]
Underfull \hbox (badness 10000) in paragraph at lines 113--113
[][][]
 []


Underfull \hbox (badness 10000) in paragraph at lines 115--115
[][][]
 []

[37

]
Underfull \hbox (badness 10000) in paragraph at lines 117--117
[][][]
 []


Underfull \hbox (badness 10000) in paragraph at lines 119--119
[][][]
 []

[38

]
Underfull \hbox (badness 10000) in paragraph at lines 121--121
[][][]
 []


Underfull \hbox (badness 10000) in paragraph at lines 123--123
[][][]
 []

[39

]
Underfull \hbox (badness 10000) in paragraph at lines 125--125
[][][]
 []


Underfull \hbox (badness 10000) in paragraph at lines 127--127
[][][]
 []

[40

]
Underfull \hbox (badness 10000) in paragraph at lines 129--129
[][][]
 []


Underfull \hbox (badness 10000) in paragraph at lines 131--131
[][][]
 []

[41

]
Underfull \hbox (badness 10000) in paragraph at lines 133--133
[][][]
 []


Underfull \hbox (badness 10000) in paragraph at lines 135--135
[][][]
 []

[42

]
Underfull \hbox (badness 10000) in paragraph at lines 137--137
[][][]
 []


Underfull \hbox (badness 10000) in paragraph at lines 139--139
[][][]
 []

[43

]
Underfull \hbox (badness 10000) in paragraph at lines 141--141
[][][]
 []


Underfull \hbox (badness 10000) in paragraph at lines 143--143
[][][]
 []

[44

]
Underfull \hbox (badness 10000) in paragraph at lines 145--145
[][][]
 []


Underfull \hbox (badness 10000) in paragraph at lines 147--147
[][][]
 []

[45

]
Underfull \hbox (badness 10000) in paragraph at lines 149--149
[][][]
 []


Underfull \hbox (badness 10000) in paragraph at lines 151--151
[][][]
 []

[46

]
Underfull \hbox (badness 10000) in paragraph at lines 153--153
[][][]
 []


Underfull \hbox (badness 10000) in paragraph at lines 155--155
[][][]
 []

[47

]
Underfull \hbox (badness 10000) in paragraph at lines 157--157
[][][]
 []


Underfull \hbox (badness 10000) in paragraph at lines 159--159
[][][]
 []

[48

]
Underfull \hbox (badness 10000) in paragraph at lines 161--161
[][][]
 []


Underfull \hbox (badness 10000) in paragraph at lines 163--163
[][][]
 []

[49

]
Underfull \hbox (badness 10000) in paragraph at lines 165--165
[][][]
 []


Underfull \hbox (badness 10000) in paragraph at lines 167--167
[][][]
 []

[50

]
Underfull \hbox (badness 10000) in paragraph at lines 169--169
[][][]
 []


Underfull \hbox (badness 10000) in paragraph at lines 171--171
[][][]
 []

[51

]
Underfull \hbox (badness 10000) in paragraph at lines 173--173
[][][]
 []


Underfull \hbox (badness 10000) in paragraph at lines 175--175
[][][]
 []

[52

]
Underfull \hbox (badness 10000) in paragraph at lines 177--177
[][][]
 []


Underfull \hbox (badness 10000) in paragraph at lines 179--179
[][][]
 []

[53

]
Underfull \hbox (badness 10000) in paragraph at lines 181--181
[][][]
 []


Underfull \hbox (badness 10000) in paragraph at lines 183--183
[][][]
 []

[54

]
Underfull \hbox (badness 10000) in paragraph at lines 185--185
[][][]
 []


Underfull \hbox (badness 10000) in paragraph at lines 187--187
[][][]
 []

[55

]
Underfull \hbox (badness 10000) in paragraph at lines 189--189
[][][]
 []


Underfull \hbox (badness 10000) in paragraph at lines 191--191
[][][]
 []

[56

]
Underfull \hbox (badness 10000) in paragraph at lines 193--193
[][][]
 []


Underfull \hbox (badness 10000) in paragraph at lines 195--195
[][][]
 []

[57

]
Underfull \hbox (badness 10000) in paragraph at lines 197--197
[][][]
 []


Underfull \hbox (badness 10000) in paragraph at lines 199--199
[][][]
 []

[58

]
Underfull \hbox (badness 10000) in paragraph at lines 201--201
[][][]
 []


Underfull \hbox (badness 10000) in paragraph at lines 203--203
[][][]
 []

[59

]
Underfull \hbox (badness 10000) in paragraph at lines 205--205
[][][]
 []


Underfull \hbox (badness 10000) in paragraph at lines 207--207
[][][]
 []

[60

]
Underfull \hbox (badness 10000) in paragraph at lines 209--209
[][][]
 []


Underfull \hbox (badness 10000) in paragraph at lines 211--211
[][][]
 []

[61

]
Underfull \hbox (badness 10000) in paragraph at lines 213--213
[][][]
 []


Underfull \hbox (badness 10000) in paragraph at lines 215--215
[][][]
 []

[62

]
Underfull \hbox (badness 10000) in paragraph at lines 217--217
[][][]
 []


Underfull \hbox (badness 10000) in paragraph at lines 219--219
[][][]
 []

[63

]
Underfull \hbox (badness 10000) in paragraph at lines 221--221
[][][]
 []


Underfull \hbox (badness 10000) in paragraph at lines 223--223
[][][]
 []

[64

]
Underfull \hbox (badness 10000) in paragraph at lines 225--225
[][][]
 []


Underfull \hbox (badness 10000) in paragraph at lines 227--227
[][][]
 []

[65

]
Underfull \hbox (badness 10000) in paragraph at lines 229--229
[][][]
 []


Underfull \hbox (badness 10000) in paragraph at lines 231--231
[][][]
 []

[66

]
Underfull \hbox (badness 10000) in paragraph at lines 233--233
[][][]
 []


Underfull \hbox (badness 10000) in paragraph at lines 235--235
[][][]
 []

[67

]
Underfull \hbox (badness 10000) in paragraph at lines 237--237
[][][]
 []


Underfull \hbox (badness 10000) in paragraph at lines 239--239
[][][]
 []

[68

]
Underfull \hbox (badness 10000) in paragraph at lines 241--241
[][][]
 []


Underfull \hbox (badness 10000) in paragraph at lines 243--243
[][][]
 []

[69

]
Underfull \hbox (badness 10000) in paragraph at lines 245--245
[][][]
 []


Underfull \hbox (badness 10000) in paragraph at lines 247--247
[][][]
 []

[70

]
Underfull \hbox (badness 10000) in paragraph at lines 249--249
[][][]
 []


Underfull \hbox (badness 10000) in paragraph at lines 251--251
[][][]
 []

[71

]
Underfull \hbox (badness 10000) in paragraph at lines 253--253
[][][]
 []


Underfull \hbox (badness 10000) in paragraph at lines 255--255
[][][]
 []

[72

]
Underfull \hbox (badness 10000) in paragraph at lines 257--257
[][][]
 []


Underfull \hbox (badness 10000) in paragraph at lines 259--259
[][][]
 []

[73

]
Underfull \hbox (badness 10000) in paragraph at lines 261--261
[][][]
 []


Underfull \hbox (badness 10000) in paragraph at lines 263--263
[][][]
 []

[74

]
Underfull \hbox (badness 10000) in paragraph at lines 265--265
[][][]
 []


Underfull \hbox (badness 10000) in paragraph at lines 267--267
[][][]
 []

[75

]
Underfull \hbox (badness 10000) in paragraph at lines 269--269
[][][]
 []


Underfull \hbox (badness 10000) in paragraph at lines 271--271
[][][]
 []

[76

]
Underfull \hbox (badness 10000) in paragraph at lines 273--273
[][][]
 []


Underfull \hbox (badness 10000) in paragraph at lines 275--275
[][][]
 []

[77

]
Underfull \hbox (badness 10000) in paragraph at lines 277--277
[][][]
 []


Underfull \hbox (badness 10000) in paragraph at lines 279--279
[][][]
 []

[78

]
Underfull \hbox (badness 10000) in paragraph at lines 281--281
[][][]
 []


Underfull \hbox (badness 10000) in paragraph at lines 283--283
[][][]
 []

[79

]
Underfull \hbox (badness 10000) in paragraph at lines 285--285
[][][]
 []


Underfull \hbox (badness 10000) in paragraph at lines 287--287
[][][]
 []

[80

]
Underfull \hbox (badness 10000) in paragraph at lines 289--289
[][][]
 []


Underfull \hbox (badness 10000) in paragraph at lines 291--291
[][][]
 []

[81

]
Underfull \hbox (badness 10000) in paragraph at lines 293--293
[][][]
 []


Underfull \hbox (badness 10000) in paragraph at lines 295--295
[][][]
 []

[82

]
Underfull \hbox (badness 10000) in paragraph at lines 297--297
[][][]
 []


Underfull \hbox (badness 10000) in paragraph at lines 299--299
[][][]
 []

[83

]
Underfull \hbox (badness 10000) in paragraph at lines 301--301
[][][]
 []


Underfull \hbox (badness 10000) in paragraph at lines 303--303
[][][]
 []

[84

]
Underfull \hbox (badness 10000) in paragraph at lines 305--305
[][][]
 []


Underfull \hbox (badness 10000) in paragraph at lines 307--307
[][][]
 []

[85

]
Underfull \hbox (badness 10000) in paragraph at lines 309--309
[][][]
 []


Underfull \hbox (badness 10000) in paragraph at lines 311--311
[][][]
 []

[86

]
Underfull \hbox (badness 10000) in paragraph at lines 313--313
[][][]
 []


Underfull \hbox (badness 10000) in paragraph at lines 315--315
[][][]
 []

[87

]
Underfull \hbox (badness 10000) in paragraph at lines 317--317
[][][]
 []


Underfull \hbox (badness 10000) in paragraph at lines 319--319
[][][]
 []

[88

]
Underfull \hbox (badness 10000) in paragraph at lines 321--321
[][][]
 []


Underfull \hbox (badness 10000) in paragraph at lines 323--323
[][][]
 []

[89

]
Underfull \hbox (badness 10000) in paragraph at lines 325--325
[][][]
 []


Underfull \hbox (badness 10000) in paragraph at lines 327--327
[][][]
 []

[90

]
Underfull \hbox (badness 10000) in paragraph at lines 329--329
[][][]
 []


Underfull \hbox (badness 10000) in paragraph at lines 331--331
[][][]
 []

[91

]
Underfull \hbox (badness 10000) in paragraph at lines 333--333
[][][]
 []


Underfull \hbox (badness 10000) in paragraph at lines 335--335
[][][]
 []

[92

]
Underfull \hbox (badness 10000) in paragraph at lines 337--337
[][][]
 []


Underfull \hbox (badness 10000) in paragraph at lines 339--339
[][][]
 []

[93

]
Underfull \hbox (badness 10000) in paragraph at lines 341--341
[][][]
 []


Underfull \hbox (badness 10000) in paragraph at lines 343--343
[][][]
 []

[94

]
Underfull \hbox (badness 10000) in paragraph at lines 345--345
[][][]
 []


Underfull \hbox (badness 10000) in paragraph at lines 347--347
[][][]
 []

[95

]
Underfull \hbox (badness 10000) in paragraph at lines 349--349
[][][]
 []


Underfull \hbox (badness 10000) in paragraph at lines 351--351
[][][]
 []

[96

]
Underfull \hbox (badness 10000) in paragraph at lines 353--353
[][][]
 []


Underfull \hbox (badness 10000) in paragraph at lines 355--355
[][][]
 []

[97

]
Underfull \hbox (badness 10000) in paragraph at lines 357--357
[][][]
 []


Underfull \hbox (badness 10000) in paragraph at lines 359--359
[][][]
 []

[98

]
Underfull \hbox (badness 10000) in paragraph at lines 361--361
[][][]
 []


Underfull \hbox (badness 10000) in paragraph at lines 363--363
[][][]
 []

[99

]
Underfull \hbox (badness 10000) in paragraph at lines 365--365
[][][]
 []


Underfull \hbox (badness 10000) in paragraph at lines 367--367
[][][]
 []

[100

] 
enddocument/afterlastpage: lastpage setting LastPage.
(./main.aux)
 ***********
LaTeX2e <2023-11-01> patch level 1
L3 programming layer <2024-01-22>
 ***********
Package rerunfilecheck Info: File `main.out' has not changed.
(rerunfilecheck)             Checksum: D41D8CD98F00B204E9800998ECF8427E;0.
)

Here is how much of LuaTeX's memory you used:
 25841 strings out of 476553
 125240,1977958 words of node,token memory allocated
 477 words of node memory still in use:
   4 hlist, 1 vlist, 1 rule, 5 glue, 3 kern, 1 glyph, 11 attribute, 51 glue_spec
, 7 attribute_list, 3 write nodes
   avail lists: 1:2,2:2455,3:838,4:252,5:112,6:124,7:2020,8:1,9:786,10:5,11:66
 47158 multiletter control sequences out of 65536+600000
 60 fonts using 6117167 bytes
 102i,11n,101p,1000b,790s stack positions out of 10000i,1000n,20000p,200000b,200000s
</usr/share/texmf/fonts/opentype/public/lm/lmsans9-regular.otf></usr/share/texmf
/fonts/opentype/public/lm/lmsans8-regular.otf></usr/share/texmf/fonts/opentype/p
ublic/lm/lmmono8-regular.otf></usr/share/texmf/fonts/opentype/public/lm/lmmono10
-regular.otf></usr/share/texmf/fonts/opentype/public/lm/lmsans10-regular.otf></u
sr/share/texmf/fonts/opentype/public/lm/lmsans12-regular.otf></usr/share/texmf/f
onts/opentype/public/lm/lmmono9-regular.otf></usr/share/texmf/fonts/opentype/pub
lic/lm/lmsans10-bold.otf>
Output written on main.pdf (100 pages, 200553 bytes).

PDF statistics: 485 PDF objects out of 1000 (max. 8388607)
 355 compressed objects within 4 object streams
 101 named destinations out of 1000 (max. 131072)
 16 words of extra memory for PDF output out of 10000 (max. 100000000)

